 ⚠ Warning: Next.js inferred your workspace root, but it may not be correct.
 We detected multiple lockfiles and selected the directory of /Users/juliocesar/package-lock.json as the root directory.
 To silence this warning, set `outputFileTracingRoot` in your Next.js config, or consider removing one of the lockfiles if it's not needed.
   See https://nextjs.org/docs/app/api-reference/config/next-config-js/output#caveats for more information.
 Detected additional lockfiles: 
   * /Users/juliocesar/Jc-hair-studio's 62  ecommerce/jc-hair-studio/package-lock.json

   ▲ Next.js 15.5.3
   - Environments: .env.local, .env
   - Experiments (use with caution):
     · serverActions
     · optimizePackageImports

   Creating an optimized production build ...
 ✓ Compiled successfully in 7.1s
   Linting and checking validity of types ...
Failed to compile.

./app/api/products/route.ts:243:66
Type error: Argument of type '{ name: string; description: string; shortDescription: string | undefined; sku: string; barcode: string | undefined; price: number; retailPrice: number; professionalPrice: number; costPrice: number | undefined; ... 16 more ...; options: { ...; }[]; }' is not assignable to parameter of type 'Partial<IProduct>'.
  Types of property 'characteristics' are incompatible.
    Type '{ hairType: "STRAIGHT" | "WAVY" | "CURLY" | "COILY" | "MIXED" | undefined; hairTexture: "FINE" | "MEDIUM" | "COARSE" | "EXTRA_COARSE" | undefined; hairColor: string | undefined; hairOrigin: string | undefined; length: number | undefined; }' is not assignable to type 'Record<string, string>'.
      Property 'hairType' is incompatible with index signature.
        Type 'string | undefined' is not assignable to type 'string'.
          Type 'undefined' is not assignable to type 'string'.

[0m [90m 241 |[39m
 [90m 242 |[39m       [90m// Create the product using MongoDB service[39m
[31m[1m>[22m[39m[90m 243 |[39m       [36mconst[39m newProduct [33m=[39m [36mawait[39m [33mMongoProductService[39m[33m.[39mcreateProduct(productData)[33m;[39m
 [90m     |[39m                                                                  [31m[1m^[22m[39m
 [90m 244 |[39m
 [90m 245 |[39m       [36mreturn[39m [33mNextResponse[39m[33m.[39mjson(
 [90m 246 |[39m         {[0m
Next.js build worker exited with code: 1 and signal: null
